2022-09-28 20:44:30,397 - INFO - Buscando as tags que possuem os nomes dos top 500 jogadores da ladder...
2022-09-28 20:44:30,421 - INFO - Tags coletadas.
2022-09-28 20:44:30,453 - INFO - A iteração começará agora...
2022-09-28 20:44:30,541 - INFO - Construção da lista de usuários levou 00s para ser executado.
2022-09-28 20:44:30,694 - INFO - A iteração começará agora...
2022-09-28 20:45:26,143 - INFO - Buscando as tags que possuem os nomes dos top 500 jogadores da ladder...
2022-09-28 20:45:26,162 - INFO - Tags coletadas.
2022-09-28 20:45:26,184 - INFO - A iteração começará agora...
2022-09-28 20:45:26,212 - INFO - Construção da lista de usuários levou 00s para ser executado.
2022-09-28 20:45:26,319 - INFO - A iteração começará agora...
2022-09-28 21:01:46,103 - INFO - Coleta dos links de replays levou 16min19s para ser executado.
2022-09-28 21:01:46,118 - INFO - A iteração começará agora...
2022-09-28 21:01:46,129 - INFO - Filtragem dos links de replays levou 00s para ser executado.
2022-09-28 21:01:46,130 - INFO - Existem 8086 id's de replay na base!
2022-09-28 21:01:46,167 - INFO - A iteração começará agora...
2022-09-28 22:22:33,494 - INFO - A iteração começará agora...
2022-09-28 23:30:51,133 - INFO - Coleta de todas as equipes levou 01h08m17s para ser executado.
2022-09-28 23:30:51,144 - INFO - Existem 16062 equipes na base!
2022-09-28 23:31:59,319 - INFO - A iteração começará agora...
2022-09-28 23:32:32,157 - INFO - Construção do DataFrame levou 32s para ser executado.
2022-09-28 23:32:32,157 - INFO - Existem 16017 equipes de 6 pokémons na base!
2022-09-28 23:33:57,806 - INFO - A base foi exportada como csv e planilha do Excel!
2022-09-28 23:47:20,271 - INFO - Buscando as tags que possuem os nomes dos top 500 jogadores da ladder...
2022-09-28 23:47:20,275 - INFO - Tags coletadas.
2022-09-28 23:47:20,295 - INFO - A iteração começará agora...
2022-09-28 23:47:20,323 - INFO - Construção da lista de usuários levou 00s para ser executado.
2022-09-28 23:47:20,404 - INFO - A iteração começará agora...
2022-09-28 23:51:36,461 - INFO - Coleta dos links de replays levou 04m16s para ser executado.
2022-09-28 23:51:36,481 - INFO - A iteração começará agora...
2022-09-28 23:51:36,492 - INFO - Filtragem dos links de replays levou 00s para ser executado.
2022-09-28 23:51:36,494 - INFO - Existem 8249 id's de replay na base!
2022-09-28 23:51:36,536 - INFO - A iteração começará agora...
2022-09-29 00:55:07,663 - INFO - Coleta de todas as equipes levou 01h03m31s para ser executado.
2022-09-29 00:55:07,663 - INFO - Existem 16494 equipes na base!
2022-09-29 00:55:07,703 - INFO - A iteração começará agora...
2022-09-29 00:55:41,043 - INFO - Construção do DataFrame levou 33s para ser executado.
2022-09-29 00:55:41,059 - INFO - Existem 16447 equipes de 6 pokémons na base!
2022-09-29 00:55:42,618 - INFO - A base foi exportada como csv e planilha do Excel!
